TN:
SF:script.js
FN:22,(anonymous_0)
FN:23,(anonymous_1)
FN:25,timeUp
FN:27,(anonymous_3)
FN:30,resetChrono
FN:32,(anonymous_5)
FN:35,clickUp
FN:37,(anonymous_7)
FN:42,openModal
FN:43,(anonymous_9)
FN:48,closeModal
FN:55,basicEnd
FN:64,(anonymous_12)
FN:71,easyEnd
FN:81,(anonymous_14)
FN:88,mediumEnd
FN:98,(anonymous_16)
FN:105,hardEnd
FN:115,(anonymous_18)
FN:122,finishGame
FN:138,melange
FN:139,(anonymous_21)
FN:145,resetNiveau
FN:146,(anonymous_23)
FN:149,resetConfig
FN:152,(anonymous_25)
FN:153,(anonymous_26)
FN:155,(anonymous_27)
FN:159,(anonymous_28)
FN:161,(anonymous_29)
FN:166,resetGame
FN:169,(anonymous_31)
FN:176,game
FN:182,resetCarte
FN:188,matching
FN:193,(anonymous_35)
FN:205,flipCarte
FN:221,activeCards
FN:222,(anonymous_38)
FN:227,easyModeConfig
FN:231,(anonymous_40)
FN:232,(anonymous_41)
FN:233,(anonymous_42)
FN:234,(anonymous_43)
FN:235,(anonymous_44)
FN:238,mediumModeConfig
FN:242,(anonymous_46)
FN:243,(anonymous_47)
FN:244,(anonymous_48)
FN:245,(anonymous_49)
FN:246,(anonymous_50)
FN:249,hardModeConfig
FN:253,(anonymous_52)
FN:254,(anonymous_53)
FN:255,(anonymous_54)
FN:256,(anonymous_55)
FN:257,(anonymous_56)
FN:260,playEasy
FN:267,playMedium
FN:274,playHard
FN:281,(anonymous_60)
FN:282,(anonymous_61)
FNF:62
FNH:7
FNDA:0,(anonymous_0)
FNDA:0,(anonymous_1)
FNDA:0,timeUp
FNDA:0,(anonymous_3)
FNDA:0,resetChrono
FNDA:0,(anonymous_5)
FNDA:2,clickUp
FNDA:0,(anonymous_7)
FNDA:1,openModal
FNDA:0,(anonymous_9)
FNDA:0,closeModal
FNDA:1,basicEnd
FNDA:0,(anonymous_12)
FNDA:0,easyEnd
FNDA:0,(anonymous_14)
FNDA:0,mediumEnd
FNDA:0,(anonymous_16)
FNDA:0,hardEnd
FNDA:0,(anonymous_18)
FNDA:1,finishGame
FNDA:0,melange
FNDA:0,(anonymous_21)
FNDA:0,resetNiveau
FNDA:0,(anonymous_23)
FNDA:0,resetConfig
FNDA:0,(anonymous_25)
FNDA:0,(anonymous_26)
FNDA:0,(anonymous_27)
FNDA:0,(anonymous_28)
FNDA:0,(anonymous_29)
FNDA:0,resetGame
FNDA:0,(anonymous_31)
FNDA:0,game
FNDA:1,resetCarte
FNDA:1,matching
FNDA:0,(anonymous_35)
FNDA:2,flipCarte
FNDA:0,activeCards
FNDA:0,(anonymous_38)
FNDA:0,easyModeConfig
FNDA:0,(anonymous_40)
FNDA:0,(anonymous_41)
FNDA:0,(anonymous_42)
FNDA:0,(anonymous_43)
FNDA:0,(anonymous_44)
FNDA:0,mediumModeConfig
FNDA:0,(anonymous_46)
FNDA:0,(anonymous_47)
FNDA:0,(anonymous_48)
FNDA:0,(anonymous_49)
FNDA:0,(anonymous_50)
FNDA:0,hardModeConfig
FNDA:0,(anonymous_52)
FNDA:0,(anonymous_53)
FNDA:0,(anonymous_54)
FNDA:0,(anonymous_55)
FNDA:0,(anonymous_56)
FNDA:0,playEasy
FNDA:0,playMedium
FNDA:0,playHard
FNDA:0,(anonymous_60)
FNDA:0,(anonymous_61)
DA:1,1
DA:2,1
DA:3,1
DA:4,1
DA:5,1
DA:6,1
DA:7,1
DA:8,1
DA:9,1
DA:10,1
DA:11,1
DA:12,1
DA:13,1
DA:14,1
DA:18,1
DA:19,1
DA:22,1
DA:23,1
DA:26,0
DA:27,0
DA:31,0
DA:32,0
DA:36,2
DA:37,2
DA:43,1
DA:44,0
DA:49,0
DA:50,0
DA:51,0
DA:56,1
DA:57,1
DA:58,0
DA:59,0
DA:60,0
DA:63,1
DA:64,1
DA:65,0
DA:67,1
DA:72,0
DA:73,0
DA:74,0
DA:75,0
DA:76,0
DA:77,0
DA:80,0
DA:81,0
DA:82,0
DA:89,0
DA:90,0
DA:91,0
DA:92,0
DA:93,0
DA:94,0
DA:97,0
DA:98,0
DA:99,0
DA:106,0
DA:107,0
DA:108,0
DA:109,0
DA:110,0
DA:111,0
DA:114,0
DA:115,0
DA:116,0
DA:123,1
DA:124,1
DA:125,0
DA:126,1
DA:127,0
DA:128,1
DA:129,0
DA:136,1
DA:139,0
DA:140,0
DA:141,0
DA:146,0
DA:150,0
DA:151,0
DA:152,0
DA:153,0
DA:155,0
DA:156,0
DA:157,0
DA:158,0
DA:159,0
DA:160,0
DA:161,0
DA:162,0
DA:167,0
DA:168,0
DA:169,0
DA:170,0
DA:177,0
DA:179,0
DA:183,1
DA:184,1
DA:185,1
DA:189,1
DA:190,1
DA:192,0
DA:193,0
DA:194,0
DA:195,0
DA:196,0
DA:197,0
DA:198,0
DA:199,0
DA:202,1
DA:206,2
DA:207,0
DA:209,2
DA:210,2
DA:211,2
DA:212,2
DA:213,1
DA:214,1
DA:216,1
DA:218,2
DA:222,0
DA:228,0
DA:229,0
DA:230,0
DA:231,0
DA:232,0
DA:233,0
DA:234,0
DA:235,0
DA:239,0
DA:240,0
DA:241,0
DA:242,0
DA:243,0
DA:244,0
DA:245,0
DA:246,0
DA:250,0
DA:251,0
DA:252,0
DA:253,0
DA:254,0
DA:255,0
DA:256,0
DA:257,0
DA:261,0
DA:263,0
DA:264,0
DA:268,0
DA:270,0
DA:271,0
DA:275,0
DA:277,0
DA:278,0
DA:281,1
DA:282,1
DA:283,0
DA:284,0
DA:285,0
DA:287,1
DA:290,1
LF:160
LH:50
BRDA:58,0,0,0
BRDA:58,0,1,0
BRDA:63,1,0,1
BRDA:63,1,1,0
BRDA:72,2,0,0
BRDA:72,2,1,0
BRDA:75,3,0,0
BRDA:75,3,1,0
BRDA:80,4,0,0
BRDA:80,4,1,0
BRDA:89,5,0,0
BRDA:89,5,1,0
BRDA:92,6,0,0
BRDA:92,6,1,0
BRDA:97,7,0,0
BRDA:97,7,1,0
BRDA:106,8,0,0
BRDA:106,8,1,0
BRDA:109,9,0,0
BRDA:109,9,1,0
BRDA:114,10,0,0
BRDA:114,10,1,0
BRDA:124,11,0,0
BRDA:124,11,1,1
BRDA:126,12,0,0
BRDA:126,12,1,1
BRDA:128,13,0,0
BRDA:128,13,1,1
BRDA:183,14,0,1
BRDA:183,14,1,0
BRDA:189,15,0,1
BRDA:189,15,1,0
BRDA:206,16,0,0
BRDA:206,16,1,2
BRDA:212,17,0,1
BRDA:212,17,1,1
BRF:36
BRH:9
end_of_record
